[2025-07-01 14:45:46.861] [info] [thread 68700] [:] Logger initialized successfully.
[2025-07-01 14:45:46.862] [info] [thread 68700] [:] Hello, CppMMO Server! (from spdlog via Logger singleton)
[2025-07-01 14:45:46.862] [debug] [thread 68700] [:] This is a debug message from spdlog.
[2025-07-01 14:45:46.862] [warning] [thread 68700] [:] This is a warning message. Pay attention!
[2025-07-01 14:45:46.862] [error] [thread 68700] [:] This is an error message. Something went wrong!
[2025-07-01 14:45:46.862] [info] [thread 68700] [:] Using Boost version: 1.86.0
[2025-07-01 14:45:46.863] [info] [thread 68700] [:] Boost.System error_code default value: 0: 작업을 완료했습니다
[2025-07-01 14:45:46.863] [warning] [thread 68700] [:] Custom error_code value: 101: 독점 세마포는 다른 프로세스가 소유하고 있습니다
[2025-07-01 14:45:46.864] [info] [thread 68700] [:] Successfully connected to Redis server at 127.0.0.1:6379.
[2025-07-01 14:45:48.906] [critical] [thread 68700] [:] Redis connection or command failed: failed to connect to Redis (127.0.0.1:6379): connection refused, err: 1, errno: 107
[2025-07-01 14:45:48.906] [info] [thread 68700] [:] FlatBuffers Serialization: C_EnterRoom packet created.
[2025-07-01 14:45:48.907] [info] [thread 68700] [:]   Buffer Size: 80 bytes
[2025-07-01 14:45:48.907] [info] [thread 68700] [:] FlatBuffers Verification: Buffer is valid.
[2025-07-01 14:45:48.907] [info] [thread 68700] [:]   Received Packet ID: 1
[2025-07-01 14:45:48.907] [info] [thread 68700] [:]   Received C_EnterRoom - Room ID: 54321, User Name: PCH_TestUser
[2025-07-01 14:45:48.907] [info] [thread 68700] [:] FlatBuffers Serialization: S_PlayerMoved packet created.
[2025-07-01 14:45:48.908] [info] [thread 68700] [:]   Buffer Size: 64 bytes
[2025-07-01 14:45:48.908] [info] [thread 68700] [:] FlatBuffers Verification: PlayerMoved buffer is valid.
[2025-07-01 14:45:48.908] [info] [thread 68700] [:]   Received Packet ID: 103
[2025-07-01 14:45:48.908] [info] [thread 68700] [:]   Received S_PlayerMoved - Player ID: 98765, Position: (100, 200), Rotation: 180
[2025-07-01 14:45:48.908] [info] [thread 68700] [:] All integrations test complete.
